<?xml version="1.0" encoding="UTF-8"?>
<testng-results skipped="0" failed="0" ignored="0" total="1" passed="1">
  <reporter-output>
  </reporter-output>
  <suite name="Default suite" duration-ms="53849" started-at="2020-05-03T14:29:24Z" finished-at="2020-05-03T14:30:18Z">
    <groups>
      <group name="cucumber">
        <method signature="AbstractTestNGCucumberTests.feature(cucumber.api.testng.CucumberFeatureWrapper)[pri:0, instance:com.snapdeal.runnerclass.TestRunner@78aab498]" name="feature" class="cucumber.api.testng.AbstractTestNGCucumberTests"/>
      </group> <!-- cucumber -->
    </groups>
    <test name="Default test" duration-ms="53849" started-at="2020-05-03T14:29:24Z" finished-at="2020-05-03T14:30:18Z">
      <class name="com.snapdeal.runnerclass.TestRunner">
        <test-method status="PASS" signature="setUpClass()[pri:0, instance:com.snapdeal.runnerclass.TestRunner@78aab498]" name="setUpClass" is-config="true" duration-ms="361" started-at="2020-05-03T14:29:24Z" finished-at="2020-05-03T14:29:25Z">
          <reporter-output>
          </reporter-output>
        </test-method> <!-- setUpClass -->
        <test-method status="PASS" signature="feature(cucumber.api.testng.CucumberFeatureWrapper)[pri:0, instance:com.snapdeal.runnerclass.TestRunner@78aab498]" name="feature" duration-ms="52923" started-at="2020-05-03T14:29:25Z" description="Runs Cucumber Feature" data-provider="features" finished-at="2020-05-03T14:30:18Z">
          <params>
            <param index="0">
              <value>
                <![CDATA[to open privacypolicy page]]>
              </value>
            </param>
          </params>
          <reporter-output>
          </reporter-output>
        </test-method> <!-- feature -->
        <test-method status="PASS" signature="tearDownClass()[pri:0, instance:com.snapdeal.runnerclass.TestRunner@78aab498]" name="tearDownClass" is-config="true" duration-ms="211" started-at="2020-05-03T14:30:18Z" finished-at="2020-05-03T14:30:18Z">
          <reporter-output>
          </reporter-output>
        </test-method> <!-- tearDownClass -->
      </class> <!-- com.snapdeal.runnerclass.TestRunner -->
    </test> <!-- Default test -->
  </suite> <!-- Default suite -->
</testng-results>
